<?xml version="1.0" encoding="UTF-8"?>
<testsuite name="TwoferTest" tests="4" skipped="0" failures="0" errors="0" timestamp="2017-12-19T02:36:07" hostname="Tims-MBP.attlocal.net" time="0.024">
  <properties/>
  <testcase name="noNameGiven" classname="TwoferTest" time="0.023"/>
  <testcase name="emptyStringGiven" classname="TwoferTest" time="0.0"/>
  <testcase name="aNameGiven" classname="TwoferTest" time="0.0"/>
  <testcase name="anotherNameGiven" classname="TwoferTest" time="0.0"/>
  <system-out><![CDATA[]]></system-out>
  <system-err><![CDATA[]]></system-err>
</testsuite>
